<?xml version="1.0" encoding="UTF-8"?>
<testsuite xmlns:xsi="http://www.w3.org/2001/XMLSchema-instance" xsi:noNamespaceSchemaLocation="https://maven.apache.org/surefire/maven-surefire-plugin/xsd/surefire-test-report.xsd" name="TestSuite" time="0.278" tests="2" errors="0" skipped="0" failures="2">
  <properties>
    <property name="awt.toolkit" value="sun.awt.X11.XToolkit"/>
    <property name="jdk.extensions.version" value="8.0.265.0"/>
    <property name="file.encoding.pkg" value="sun.io"/>
    <property name="java.specification.version" value="1.8"/>
    <property name="sun.jnu.encoding" value="UTF-8"/>
    <property name="java.class.path" value="/home/matheus.barbachan/workspace/ReqResInApiTests/target/test-classes:/home/matheus.barbachan/workspace/ReqResInApiTests/target/classes:/home/matheus.barbachan/.m2/repository/io/cucumber/cucumber-java/6.8.0/cucumber-java-6.8.0.jar:/home/matheus.barbachan/.m2/repository/io/cucumber/cucumber-core/6.8.0/cucumber-core-6.8.0.jar:/home/matheus.barbachan/.m2/repository/io/cucumber/cucumber-gherkin/6.8.0/cucumber-gherkin-6.8.0.jar:/home/matheus.barbachan/.m2/repository/io/cucumber/cucumber-gherkin-messages/6.8.0/cucumber-gherkin-messages-6.8.0.jar:/home/matheus.barbachan/.m2/repository/io/cucumber/messages/13.1.0/messages-13.1.0.jar:/home/matheus.barbachan/.m2/repository/io/cucumber/tag-expressions/3.0.0/tag-expressions-3.0.0.jar:/home/matheus.barbachan/.m2/repository/io/cucumber/cucumber-expressions/10.3.0/cucumber-expressions-10.3.0.jar:/home/matheus.barbachan/.m2/repository/io/cucumber/datatable/3.5.0/datatable-3.5.0.jar:/home/matheus.barbachan/.m2/repository/io/cucumber/cucumber-plugin/6.8.0/cucumber-plugin-6.8.0.jar:/home/matheus.barbachan/.m2/repository/io/cucumber/docstring/6.8.0/docstring-6.8.0.jar:/home/matheus.barbachan/.m2/repository/io/cucumber/html-formatter/9.0.0/html-formatter-9.0.0.jar:/home/matheus.barbachan/.m2/repository/io/cucumber/create-meta/2.0.2/create-meta-2.0.2.jar:/home/matheus.barbachan/.m2/repository/org/apiguardian/apiguardian-api/1.1.0/apiguardian-api-1.1.0.jar:/home/matheus.barbachan/.m2/repository/io/cucumber/cucumber-junit/6.8.0/cucumber-junit-6.8.0.jar:/home/matheus.barbachan/.m2/repository/junit/junit/4.13/junit-4.13.jar:/home/matheus.barbachan/.m2/repository/org/hamcrest/hamcrest-core/1.3/hamcrest-core-1.3.jar:/home/matheus.barbachan/.m2/repository/io/rest-assured/rest-assured/4.3.1/rest-assured-4.3.1.jar:/home/matheus.barbachan/.m2/repository/org/codehaus/groovy/groovy/3.0.3/groovy-3.0.3.jar:/home/matheus.barbachan/.m2/repository/org/codehaus/groovy/groovy-xml/3.0.3/groovy-xml-3.0.3.jar:/home/matheus.barbachan/.m2/repository/org/apache/httpcomponents/httpclient/4.5.3/httpclient-4.5.3.jar:/home/matheus.barbachan/.m2/repository/org/apache/httpcomponents/httpcore/4.4.6/httpcore-4.4.6.jar:/home/matheus.barbachan/.m2/repository/commons-logging/commons-logging/1.2/commons-logging-1.2.jar:/home/matheus.barbachan/.m2/repository/commons-codec/commons-codec/1.9/commons-codec-1.9.jar:/home/matheus.barbachan/.m2/repository/org/apache/httpcomponents/httpmime/4.5.3/httpmime-4.5.3.jar:/home/matheus.barbachan/.m2/repository/org/hamcrest/hamcrest/2.1/hamcrest-2.1.jar:/home/matheus.barbachan/.m2/repository/org/ccil/cowan/tagsoup/tagsoup/1.2.1/tagsoup-1.2.1.jar:/home/matheus.barbachan/.m2/repository/io/rest-assured/json-path/4.3.1/json-path-4.3.1.jar:/home/matheus.barbachan/.m2/repository/org/codehaus/groovy/groovy-json/3.0.3/groovy-json-3.0.3.jar:/home/matheus.barbachan/.m2/repository/io/rest-assured/rest-assured-common/4.3.1/rest-assured-common-4.3.1.jar:/home/matheus.barbachan/.m2/repository/io/rest-assured/xml-path/4.3.1/xml-path-4.3.1.jar:/home/matheus.barbachan/.m2/repository/org/apache/commons/commons-lang3/3.4/commons-lang3-3.4.jar:/home/matheus.barbachan/.m2/repository/jakarta/xml/bind/jakarta.xml.bind-api/2.3.3/jakarta.xml.bind-api-2.3.3.jar:/home/matheus.barbachan/.m2/repository/jakarta/activation/jakarta.activation-api/1.2.2/jakarta.activation-api-1.2.2.jar:/home/matheus.barbachan/.m2/repository/com/sun/xml/bind/jaxb-impl/2.3.3/jaxb-impl-2.3.3.jar:/home/matheus.barbachan/.m2/repository/com/fasterxml/jackson/core/jackson-databind/2.5.3/jackson-databind-2.5.3.jar:/home/matheus.barbachan/.m2/repository/com/fasterxml/jackson/core/jackson-annotations/2.5.0/jackson-annotations-2.5.0.jar:/home/matheus.barbachan/.m2/repository/com/fasterxml/jackson/core/jackson-core/2.5.3/jackson-core-2.5.3.jar:/home/matheus.barbachan/.m2/repository/io/cucumber/cucumber-testng/4.2.3/cucumber-testng-4.2.3.jar:/home/matheus.barbachan/.m2/repository/org/testng/testng/6.14.3/testng-6.14.3.jar:/home/matheus.barbachan/.m2/repository/com/beust/jcommander/1.72/jcommander-1.72.jar:/home/matheus.barbachan/.m2/repository/org/apache-extras/beanshell/bsh/2.0b6/bsh-2.0b6.jar:"/>
    <property name="java.vm.vendor" value="Eclipse OpenJ9"/>
    <property name="com.ibm.zero.version" value="2"/>
    <property name="sun.arch.data.model" value="64"/>
    <property name="com.ibm.vm.bitmode" value="64"/>
    <property name="user.variant" value=""/>
    <property name="com.ibm.oti.vm.library.version" value="29"/>
    <property name="java.vendor.url" value="http://www.eclipse.org/openj9"/>
    <property name="user.timezone" value=""/>
    <property name="os.name" value="Linux"/>
    <property name="java.vm.specification.version" value="1.8"/>
    <property name="sun.java.launcher" value="SUN_STANDARD"/>
    <property name="user.country" value="BR"/>
    <property name="sun.boot.library.path" value="/home/matheus.barbachan/.sdkman/candidates/java/8.0.265.j9-adpt/jre/lib/amd64/compressedrefs:/home/matheus.barbachan/.sdkman/candidates/java/8.0.265.j9-adpt/jre/lib/amd64"/>
    <property name="sun.java.command" value="/home/matheus.barbachan/workspace/ReqResInApiTests/target/surefire/surefirebooter9102067432914992160.jar /home/matheus.barbachan/workspace/ReqResInApiTests/target/surefire 2020-10-02T17-29-16_636-jvmRun1 surefire2595868370610886773tmp surefire_0114406832245186124tmp"/>
    <property name="surefire.test.class.path" value="/home/matheus.barbachan/workspace/ReqResInApiTests/target/test-classes:/home/matheus.barbachan/workspace/ReqResInApiTests/target/classes:/home/matheus.barbachan/.m2/repository/io/cucumber/cucumber-java/6.8.0/cucumber-java-6.8.0.jar:/home/matheus.barbachan/.m2/repository/io/cucumber/cucumber-core/6.8.0/cucumber-core-6.8.0.jar:/home/matheus.barbachan/.m2/repository/io/cucumber/cucumber-gherkin/6.8.0/cucumber-gherkin-6.8.0.jar:/home/matheus.barbachan/.m2/repository/io/cucumber/cucumber-gherkin-messages/6.8.0/cucumber-gherkin-messages-6.8.0.jar:/home/matheus.barbachan/.m2/repository/io/cucumber/messages/13.1.0/messages-13.1.0.jar:/home/matheus.barbachan/.m2/repository/io/cucumber/tag-expressions/3.0.0/tag-expressions-3.0.0.jar:/home/matheus.barbachan/.m2/repository/io/cucumber/cucumber-expressions/10.3.0/cucumber-expressions-10.3.0.jar:/home/matheus.barbachan/.m2/repository/io/cucumber/datatable/3.5.0/datatable-3.5.0.jar:/home/matheus.barbachan/.m2/repository/io/cucumber/cucumber-plugin/6.8.0/cucumber-plugin-6.8.0.jar:/home/matheus.barbachan/.m2/repository/io/cucumber/docstring/6.8.0/docstring-6.8.0.jar:/home/matheus.barbachan/.m2/repository/io/cucumber/html-formatter/9.0.0/html-formatter-9.0.0.jar:/home/matheus.barbachan/.m2/repository/io/cucumber/create-meta/2.0.2/create-meta-2.0.2.jar:/home/matheus.barbachan/.m2/repository/org/apiguardian/apiguardian-api/1.1.0/apiguardian-api-1.1.0.jar:/home/matheus.barbachan/.m2/repository/io/cucumber/cucumber-junit/6.8.0/cucumber-junit-6.8.0.jar:/home/matheus.barbachan/.m2/repository/junit/junit/4.13/junit-4.13.jar:/home/matheus.barbachan/.m2/repository/org/hamcrest/hamcrest-core/1.3/hamcrest-core-1.3.jar:/home/matheus.barbachan/.m2/repository/io/rest-assured/rest-assured/4.3.1/rest-assured-4.3.1.jar:/home/matheus.barbachan/.m2/repository/org/codehaus/groovy/groovy/3.0.3/groovy-3.0.3.jar:/home/matheus.barbachan/.m2/repository/org/codehaus/groovy/groovy-xml/3.0.3/groovy-xml-3.0.3.jar:/home/matheus.barbachan/.m2/repository/org/apache/httpcomponents/httpclient/4.5.3/httpclient-4.5.3.jar:/home/matheus.barbachan/.m2/repository/org/apache/httpcomponents/httpcore/4.4.6/httpcore-4.4.6.jar:/home/matheus.barbachan/.m2/repository/commons-logging/commons-logging/1.2/commons-logging-1.2.jar:/home/matheus.barbachan/.m2/repository/commons-codec/commons-codec/1.9/commons-codec-1.9.jar:/home/matheus.barbachan/.m2/repository/org/apache/httpcomponents/httpmime/4.5.3/httpmime-4.5.3.jar:/home/matheus.barbachan/.m2/repository/org/hamcrest/hamcrest/2.1/hamcrest-2.1.jar:/home/matheus.barbachan/.m2/repository/org/ccil/cowan/tagsoup/tagsoup/1.2.1/tagsoup-1.2.1.jar:/home/matheus.barbachan/.m2/repository/io/rest-assured/json-path/4.3.1/json-path-4.3.1.jar:/home/matheus.barbachan/.m2/repository/org/codehaus/groovy/groovy-json/3.0.3/groovy-json-3.0.3.jar:/home/matheus.barbachan/.m2/repository/io/rest-assured/rest-assured-common/4.3.1/rest-assured-common-4.3.1.jar:/home/matheus.barbachan/.m2/repository/io/rest-assured/xml-path/4.3.1/xml-path-4.3.1.jar:/home/matheus.barbachan/.m2/repository/org/apache/commons/commons-lang3/3.4/commons-lang3-3.4.jar:/home/matheus.barbachan/.m2/repository/jakarta/xml/bind/jakarta.xml.bind-api/2.3.3/jakarta.xml.bind-api-2.3.3.jar:/home/matheus.barbachan/.m2/repository/jakarta/activation/jakarta.activation-api/1.2.2/jakarta.activation-api-1.2.2.jar:/home/matheus.barbachan/.m2/repository/com/sun/xml/bind/jaxb-impl/2.3.3/jaxb-impl-2.3.3.jar:/home/matheus.barbachan/.m2/repository/com/fasterxml/jackson/core/jackson-databind/2.5.3/jackson-databind-2.5.3.jar:/home/matheus.barbachan/.m2/repository/com/fasterxml/jackson/core/jackson-annotations/2.5.0/jackson-annotations-2.5.0.jar:/home/matheus.barbachan/.m2/repository/com/fasterxml/jackson/core/jackson-core/2.5.3/jackson-core-2.5.3.jar:/home/matheus.barbachan/.m2/repository/io/cucumber/cucumber-testng/4.2.3/cucumber-testng-4.2.3.jar:/home/matheus.barbachan/.m2/repository/org/testng/testng/6.14.3/testng-6.14.3.jar:/home/matheus.barbachan/.m2/repository/com/beust/jcommander/1.72/jcommander-1.72.jar:/home/matheus.barbachan/.m2/repository/org/apache-extras/beanshell/bsh/2.0b6/bsh-2.0b6.jar:"/>
    <property name="sun.cpu.endian" value="little"/>
    <property name="user.home" value="/home/matheus.barbachan"/>
    <property name="user.language" value="pt"/>
    <property name="java.specification.vendor" value="Oracle Corporation"/>
    <property name="java.home" value="/home/matheus.barbachan/.sdkman/candidates/java/8.0.265.j9-adpt/jre"/>
    <property name="ibm.signalhandling.rs" value="false"/>
    <property name="file.separator" value="/"/>
    <property name="jdk.extensions.name" value="Extensions for OpenJDK for Eclipse OpenJ9"/>
    <property name="basedir" value="/home/matheus.barbachan/workspace/ReqResInApiTests"/>
    <property name="line.separator" value="&#10;"/>
    <property name="java.vm.specification.vendor" value="Oracle Corporation"/>
    <property name="java.specification.name" value="Java Platform API Specification"/>
    <property name="java.compiler" value="j9jit29"/>
    <property name="com.ibm.util.extralibs.properties" value=""/>
    <property name="sun.java.launcher.pid" value="6627"/>
    <property name="java.awt.graphicsenv" value="sun.awt.X11GraphicsEnvironment"/>
    <property name="com.ibm.oti.configuration" value="scar"/>
    <property name="java.awt.fonts" value=""/>
    <property name="surefire.real.class.path" value="/home/matheus.barbachan/workspace/ReqResInApiTests/target/surefire/surefirebooter9102067432914992160.jar"/>
    <property name="com.ibm.oti.shared.enabled" value="false"/>
    <property name="sun.boot.class.path" value="/home/matheus.barbachan/.sdkman/candidates/java/8.0.265.j9-adpt/jre/lib/amd64/compressedrefs/jclSC180/vm.jar:/home/matheus.barbachan/.sdkman/candidates/java/8.0.265.j9-adpt/jre/lib/se-service.jar:/home/matheus.barbachan/.sdkman/candidates/java/8.0.265.j9-adpt/jre/lib/rt.jar:/home/matheus.barbachan/.sdkman/candidates/java/8.0.265.j9-adpt/jre/lib/resources.jar:/home/matheus.barbachan/.sdkman/candidates/java/8.0.265.j9-adpt/jre/lib/jsse.jar:/home/matheus.barbachan/.sdkman/candidates/java/8.0.265.j9-adpt/jre/lib/charsets.jar:/home/matheus.barbachan/.sdkman/candidates/java/8.0.265.j9-adpt/jre/lib/jce.jar"/>
    <property name="com.ibm.oti.vm.bootstrap.library.path" value="/home/matheus.barbachan/.sdkman/candidates/java/8.0.265.j9-adpt/jre/lib/amd64/compressedrefs:/home/matheus.barbachan/.sdkman/candidates/java/8.0.265.j9-adpt/jre/lib/amd64"/>
    <property name="com.ibm.cpu.endian" value="little"/>
    <property name="java.fullversion" value="1.8.0_265-b01&#10;JRE 1.8.0 Linux amd64-64-Bit Compressed References 20200728_727 (JIT enabled, AOT enabled)&#10;OpenJ9   - 34cf4c075&#10;OMR      - 113e54219&#10;JCL      - c82ff0c20f based on jdk8u265-b01"/>
    <property name="java.runtime.version" value="1.8.0_265-b01"/>
    <property name="user.name" value="matheus.barbachan"/>
    <property name="path.separator" value=":"/>
    <property name="os.version" value="5.4.0-47-generic"/>
    <property name="java.endorsed.dirs" value="/home/matheus.barbachan/.sdkman/candidates/java/8.0.265.j9-adpt/jre/lib/endorsed"/>
    <property name="java.runtime.name" value="OpenJDK Runtime Environment"/>
    <property name="ibm.signalhandling.sigint" value="true"/>
    <property name="file.encoding" value="UTF-8"/>
    <property name="java.vm.name" value="Eclipse OpenJ9 VM"/>
    <property name="ibm.signalhandling.sigchain" value="true"/>
    <property name="localRepository" value="/home/matheus.barbachan/.m2/repository"/>
    <property name="java.io.tmpdir" value="/tmp"/>
    <property name="idea.version" value="2020.2.2"/>
    <property name="java.version" value="1.8.0_265"/>
    <property name="com.ibm.system.agent.path" value="/home/matheus.barbachan/.sdkman/candidates/java/8.0.265.j9-adpt/jre/lib/amd64"/>
    <property name="user.dir" value="/home/matheus.barbachan/workspace/ReqResInApiTests"/>
    <property name="os.arch" value="amd64"/>
    <property name="java.vm.specification.name" value="Java Virtual Machine Specification"/>
    <property name="java.awt.printerjob" value="sun.print.PSPrinterJob"/>
    <property name="os.encoding" value="UTF-8"/>
    <property name="java.library.path" value="/home/matheus.barbachan/.sdkman/candidates/java/8.0.265.j9-adpt/jre/lib/amd64/compressedrefs:/home/matheus.barbachan/.sdkman/candidates/java/8.0.265.j9-adpt/jre/lib/amd64:/usr/lib64:/usr/lib"/>
    <property name="java.vendor" value="Eclipse OpenJ9"/>
    <property name="java.vm.info" value="JRE 1.8.0 Linux amd64-64-Bit Compressed References 20200728_727 (JIT enabled, AOT enabled)&#10;OpenJ9   - 34cf4c075&#10;OMR      - 113e54219&#10;JCL      - c82ff0c20f based on jdk8u265-b01"/>
    <property name="java.vm.version" value="openj9-0.21.0"/>
    <property name="com.ibm.jcl.checkClassPath" value=""/>
    <property name="ibm.system.encoding" value="UTF-8"/>
    <property name="sun.io.unicode.encoding" value="UnicodeLittle"/>
    <property name="java.ext.dirs" value="/home/matheus.barbachan/.sdkman/candidates/java/8.0.265.j9-adpt/jre/lib/ext"/>
    <property name="java.class.version" value="52.0"/>
  </properties>
  <testcase name="setUpClass" classname="in.reqres.endpoints.executar.RunCucumberTest" time="0.142">
    <failure message="cucumber.runtime.io.ResourceLoader" type="java.lang.NoClassDefFoundError">java.lang.NoClassDefFoundError: cucumber.runtime.io.ResourceLoader
Caused by: java.lang.ClassNotFoundException: cucumber.runtime.io.ResourceLoader
</failure>
  </testcase>
  <testcase name="runScenario" classname="in.reqres.endpoints.executar.RunCucumberTest" time="0.165">
    <failure message="&#10;Method public void cucumber.api.testng.AbstractTestNGCucumberTests.runScenario(cucumber.api.testng.PickleEventWrapper,cucumber.api.testng.CucumberFeatureWrapper) throws java.lang.Throwable requires a @DataProvider named : scenarios" type="org.testng.TestNGException">org.testng.TestNGException: 

Method public void cucumber.api.testng.AbstractTestNGCucumberTests.runScenario(cucumber.api.testng.PickleEventWrapper,cucumber.api.testng.CucumberFeatureWrapper) throws java.lang.Throwable requires a @DataProvider named : scenarios
</failure>
    <system-err><![CDATA[[Utils] [ERROR] [Error] org.testng.TestNGException: 
Method public void cucumber.api.testng.AbstractTestNGCucumberTests.runScenario(cucumber.api.testng.PickleEventWrapper,cucumber.api.testng.CucumberFeatureWrapper) throws java.lang.Throwable requires a @DataProvider named : scenarios
	at org.testng.internal.Parameters.findDataProvider(Parameters.java:513)
	at org.testng.internal.Parameters.handleParameters(Parameters.java:691)
	at org.testng.internal.ParameterHandler.handleParameters(ParameterHandler.java:49)
	at org.testng.internal.ParameterHandler.createParameters(ParameterHandler.java:37)
	at org.testng.internal.Invoker.invokeTestMethods(Invoker.java:924)
	at org.testng.internal.TestMethodWorker.invokeTestMethods(TestMethodWorker.java:125)
	at org.testng.internal.TestMethodWorker.run(TestMethodWorker.java:109)
	at org.testng.TestRunner.privateRun(TestRunner.java:648)
	at org.testng.TestRunner.run(TestRunner.java:505)
	at org.testng.SuiteRunner.runTest(SuiteRunner.java:455)
	at org.testng.SuiteRunner.runSequentially(SuiteRunner.java:450)
	at org.testng.SuiteRunner.privateRun(SuiteRunner.java:415)
	at org.testng.SuiteRunner.run(SuiteRunner.java:364)
	at org.testng.SuiteRunnerWorker.runSuite(SuiteRunnerWorker.java:52)
	at org.testng.SuiteRunnerWorker.run(SuiteRunnerWorker.java:84)
	at org.testng.TestNG.runSuitesSequentially(TestNG.java:1208)
	at org.testng.TestNG.runSuitesLocally(TestNG.java:1137)
	at org.testng.TestNG.runSuites(TestNG.java:1049)
	at org.testng.TestNG.run(TestNG.java:1017)
	at org.apache.maven.surefire.testng.TestNGExecutor.run(TestNGExecutor.java:135)
	at org.apache.maven.surefire.testng.TestNGDirectoryTestSuite.executeMulti(TestNGDirectoryTestSuite.java:193)
	at org.apache.maven.surefire.testng.TestNGDirectoryTestSuite.execute(TestNGDirectoryTestSuite.java:94)
	at org.apache.maven.surefire.testng.TestNGProvider.invoke(TestNGProvider.java:146)
	at org.apache.maven.surefire.booter.ForkedBooter.invokeProviderInSameClassLoader(ForkedBooter.java:384)
	at org.apache.maven.surefire.booter.ForkedBooter.runSuitesInProcess(ForkedBooter.java:345)
	at org.apache.maven.surefire.booter.ForkedBooter.execute(ForkedBooter.java:126)
	at org.apache.maven.surefire.booter.ForkedBooter.main(ForkedBooter.java:418)

]]></system-err>
  </testcase>
</testsuite>